<?xml version="1.0" encoding="UTF-8"?>
<!-- Generated by org.testng.reporters.JUnitReportReporter -->
<testsuite skipped="1" hostname="DESKTOP-TACGRCR" name="Academy.E2EProject.homePage" tests="1" failures="0" timestamp="2021-02-26T18:46:28 IST" time="0.000" errors="0">
  <testcase name="basePageNavigation" time="0.000" classname="Academy.E2EProject.homePage">
    <skipped/>
  </testcase> <!-- basePageNavigation -->
  <system-out/>
</testsuite> <!-- Academy.E2EProject.homePage -->
