<?xml version="1.0" encoding="UTF-8"?>
<!-- Generated by org.testng.reporters.JUnitReportReporter -->
<testsuite skipped="0" hostname="DESKTOP-TACGRCR" name="google" tests="1" failures="0" timestamp="2021-02-26T18:46:28 IST" time="12.573" errors="0">
  <testcase name="getgoogle" time="12.573" classname="google"/>
  <system-out/>
</testsuite> <!-- google -->
