<?xml version="1.0" encoding="UTF-8"?>
<!-- Generated by org.testng.reporters.JUnitReportReporter -->
<testsuite skipped="0" hostname="DESKTOP-TACGRCR" name="Academy.E2EProject.validateNavigationBar" tests="1" failures="0" timestamp="2021-02-26T18:46:28 IST" time="1.427" errors="0">
  <testcase name="basePageNavigation" time="1.427" classname="Academy.E2EProject.validateNavigationBar"/>
  <system-out/>
</testsuite> <!-- Academy.E2EProject.validateNavigationBar -->
