<?xml version="1.0" encoding="UTF-8"?>
<!-- Generated by org.testng.reporters.JUnitReportReporter -->
<testsuite skipped="0" hostname="DESKTOP-TACGRCR" name="resources.ExtentREporterNG" tests="1" failures="0" timestamp="2021-02-26T18:46:28 IST" time="18.544" errors="0">
  <testcase name="initialDemo" time="18.544" classname="resources.ExtentREporterNG"/>
  <system-out/>
</testsuite> <!-- resources.ExtentREporterNG -->
