<?xml version="1.0" encoding="UTF-8"?>
<!-- Generated by org.testng.reporters.JUnitReportReporter -->
<testsuite skipped="0" hostname="DESKTOP-TACGRCR" name="Academy.E2EProject.newusersignup" tests="1" failures="0" timestamp="2021-02-26T21:57:16 IST" time="27.632" errors="0">
  <testcase name="signuppagenavigation" time="27.632" classname="Academy.E2EProject.newusersignup"/>
  <system-out/>
</testsuite> <!-- Academy.E2EProject.newusersignup -->
