<?xml version="1.0" encoding="UTF-8"?>
<!-- Generated by org.testng.reporters.JUnitReportReporter -->
<testsuite skipped="0" hostname="DESKTOP-TACGRCR" name="Academy.E2EProject.validateNavigationBar" tests="1" failures="0" timestamp="2020-05-12T15:10:52 IST" time="0.539" errors="0">
  <testcase name="basePageNavigation" time="0.539" classname="Academy.E2EProject.validateNavigationBar"/>
  <system-out/>
</testsuite> <!-- Academy.E2EProject.validateNavigationBar -->
