<?xml version="1.0" encoding="UTF-8"?>
<!-- Generated by org.testng.reporters.JUnitReportReporter -->
<testsuite skipped="0" hostname="DESKTOP-TACGRCR" name="Academy.E2EProject.validateTitle" tests="2" failures="0" timestamp="2020-05-12T15:10:52 IST" time="0.873" errors="0">
  <testcase name="basePageNavigation" time="0.031" classname="Academy.E2EProject.validateTitle"/>
  <system-out/>
  <testcase name="basePageNavigation" time="0.842" classname="Academy.E2EProject.validateTitle"/>
  <system-out/>
</testsuite> <!-- Academy.E2EProject.validateTitle -->
