<?xml version="1.0" encoding="UTF-8"?>
<!-- Generated by org.testng.reporters.JUnitReportReporter -->
<testsuite skipped="0" hostname="DESKTOP-TACGRCR" name="Academy.E2EProject.homePage" tests="2" failures="0" timestamp="2020-05-12T15:10:52 IST" time="45.581" errors="0">
  <testcase name="basePageNavigation" time="8.233" classname="Academy.E2EProject.homePage"/>
  <system-out/>
  <testcase name="basePageNavigation" time="37.348" classname="Academy.E2EProject.homePage"/>
  <system-out/>
</testsuite> <!-- Academy.E2EProject.homePage -->
